external/acsprovider/build/outputs/mapping/dev/seeds.txt
com.tom.androidcodestudio.acsprovider.R$styleable: int ConstraintSet_layout_constraintTop_creator
com.tom.androidcodestudio.acsprovider.R$attr: int titleMargin
com.tom.androidcodestudio.acsprovider.R$styleable: int Constraint_android_alpha
com.tom.androidcodestudio.acsprovider.R$attr: int summary
com.tom.androidcodestudio.acsprovider.R$attr: int fbp_circleRadius
com.tom.androidcodestudio.acsprovider.R$styleable: int NavigationRailView_submenuDividersEnabled
com.tom.androidcodestudio.acsprovider.R$color: int material_dynamic_secondary100
com.tom.androidcodestudio.acsprovider.R$color: int m3_ref_palette_neutral96
com.tom.androidcodestudio.acsprovider.R$styleable: int LinearLayoutCompat_android_orientation
com.tom.androidcodestudio.acsprovider.R$styleable: int AppCompatTheme_actionBarItemBackground
com.tom.androidcodestudio.acsprovider.R$style: int Widget_Material3_FloatingActionButton_Medium
com.tom.androidcodestudio.acsprovider.R$attr: int buttonStyle
com.tom.androidcodestudio.acsprovider.R$styleable: int TextInputLayout_android_maxWidth
com.tom.androidcodestudio.acsprovider.R$string: int all_saved
com.tom.androidcodestudio.acsprovider.R$attr: int subtitleTextAppearance
com.tom.androidcodestudio.acsprovider.R$drawable: int design_ic_visibility_off
com.tom.androidcodestudio.acsprovider.R$layout: int abc_list_menu_item_icon
com.tom.androidcodestudio.acsprovider.R$styleable: int CodeEditor_pinLineNumber
com.tom.androidcodestudio.acsprovider.R$styleable: int BaseProgressIndicator_trackThickness
com.tom.androidcodestudio.acsprovider.R$color: int material_personalized_color_background
com.tom.androidcodestudio.acsprovider.R$color: int m3_ref_palette_pink90
com.tom.androidcodestudio.acsprovider.R$styleable: int KeyPosition_percentWidth
com.tom.androidcodestudio.acsprovider.R$dimen: int m3_comp_filter_chip_with_icon_icon_size
com.tom.androidcodestudio.acsprovider.R$attr: int viewTransitionMode
com.tom.androidcodestudio.acsprovider.R$color: int m3_sys_color_dark_inverse_on_surface
com.tom.androidcodestudio.acsprovider.R$styleable: int ActionBar_title
com.tom.androidcodestudio.acsprovider.R$styleable: int SearchBar_android_text
com.tom.androidcodestudio.acsprovider.R$drawable: int abc_seekbar_thumb_material
com.tom.androidcodestudio.acsprovider.R$styleable: int StateListDrawable_android_constantSize
com.tom.androidcodestudio.acsprovider.R$drawable: int ic_package
com.tom.androidcodestudio.acsprovider.R$string: int summary_collapsed_preference_list
com.tom.androidcodestudio.acsprovider.R$id: int accessibility_custom_action_20
com.tom.androidcodestudio.acsprovider.R$dimen: int m3_comp_slider_medium_active_track_height
com.tom.androidcodestudio.acsprovider.R$attr: int fastScrollHorizontalTrackDrawable
com.tom.androidcodestudio.acsprovider.R$string: int action_share_transcript
com.tom.androidcodestudio.acsprovider.R$styleable: int ConstraintOverride_android_elevation
com.tom.androidcodestudio.acsprovider.R$styleable: int BaseProgressIndicator_wavelength
com.tom.androidcodestudio.acsprovider.R$string: int msg_file_tree
com.tom.androidcodestudio.acsprovider.R$id: int material_timepicker_container
com.tom.androidcodestudio.acsprovider.R$style: int ThemeOverlay_AppCompat_DayNight
com.tom.androidcodestudio.acsprovider.R$styleable: int AppCompatTheme_actionBarSize
com.tom.androidcodestudio.acsprovider.R$attr: int centerIfNoTextEnabled
com.tom.androidcodestudio.acsprovider.R$styleable: int TextInputLayout_boxStrokeErrorColor
com.tom.androidcodestudio.acsprovider.R$styleable: int Transition_constraintSetStart
com.tom.androidcodestudio.acsprovider.R$string: int material_minute_suffix
com.tom.androidcodestudio.acsprovider.R$layout: int notification_action_tombstone
com.tom.androidcodestudio.acsprovider.R$styleable: int CustomizableCardView_setSummaryFont
com.tom.androidcodestudio.acsprovider.R$color: int material_timepicker_clock_text_color
com.tom.androidcodestudio.acsprovider.R$animator: int m3_card_elevated_state_list_anim