external/acsprovider/build/outputs/mapping/dev/usage.txt
com.tom.androidcodestudio.acsprovider.ACSProvider$downloadFile$2
com.tom.androidcodestudio.acsprovider.ACSProvider$downloadJson$2
com.tom.androidcodestudio.acsprovider.ACSProvider$downloadPackage$2
com.tom.androidcodestudio.acsprovider.ACSProvider$execute$2
com.tom.androidcodestudio.acsprovider.ACSProvider$getField$2
com.tom.androidcodestudio.acsprovider.ACSProvider
com.tom.androidcodestudio.acsprovider.BuildConfig
com.tom.androidcodestudio.acsprovider.models.ACSConfig
com.tom.androidcodestudio.acsprovider.models.PackageEntry
com.tom.androidcodestudio.acsprovider.utils.DownloadCallback
com.tom.androidcodestudio.acsprovider.utils.HashUtils